c:\users\william harris\source\repos\class_roster_project_wmh\class_roster_project_wmh\x64\debug\vc142.pdb
c:\users\william harris\source\repos\class_roster_project_wmh\class_roster_project_wmh\x64\debug\vc142.idb
c:\users\william harris\source\repos\class_roster_project_wmh\class_roster_project_wmh\x64\debug\roster.obj
c:\users\william harris\source\repos\class_roster_project_wmh\class_roster_project_wmh\x64\debug\student.obj
c:\users\william harris\source\repos\class_roster_project_wmh\class_roster_project_wmh\x64\debug\main.obj
c:\users\william harris\source\repos\class_roster_project_wmh\class_roster_project_wmh\x64\debug\nativecodeanalysis.read.1.tlog
c:\users\william harris\source\repos\class_roster_project_wmh\class_roster_project_wmh\x64\debug\main.nativecodeanalysis.xml
c:\users\william harris\source\repos\class_roster_project_wmh\class_roster_project_wmh\x64\debug\vc.nativecodeanalysis.all.xml
c:\users\william harris\source\repos\class_roster_project_wmh\x64\debug\class_roster_project_wmh.pdb
c:\users\william harris\source\repos\class_roster_project_wmh\class_roster_project_wmh\x64\debug\class_ro.9e76d590.tlog\cl.command.1.tlog
c:\users\william harris\source\repos\class_roster_project_wmh\class_roster_project_wmh\x64\debug\class_ro.9e76d590.tlog\cl.read.1.tlog
c:\users\william harris\source\repos\class_roster_project_wmh\class_roster_project_wmh\x64\debug\class_ro.9e76d590.tlog\cl.write.1.tlog
c:\users\william harris\source\repos\class_roster_project_wmh\class_roster_project_wmh\x64\debug\class_ro.9e76d590.tlog\link-cvtres.read.1.tlog
c:\users\william harris\source\repos\class_roster_project_wmh\class_roster_project_wmh\x64\debug\class_ro.9e76d590.tlog\link-cvtres.write.1.tlog
c:\users\william harris\source\repos\class_roster_project_wmh\class_roster_project_wmh\x64\debug\class_ro.9e76d590.tlog\link-rc.read.1.tlog
c:\users\william harris\source\repos\class_roster_project_wmh\class_roster_project_wmh\x64\debug\class_ro.9e76d590.tlog\link-rc.write.1.tlog
c:\users\william harris\source\repos\class_roster_project_wmh\class_roster_project_wmh\x64\debug\class_ro.9e76d590.tlog\link.1956-cvtres.read.1.tlog
c:\users\william harris\source\repos\class_roster_project_wmh\class_roster_project_wmh\x64\debug\class_ro.9e76d590.tlog\link.1956-cvtres.write.1.tlog
c:\users\william harris\source\repos\class_roster_project_wmh\class_roster_project_wmh\x64\debug\class_ro.9e76d590.tlog\link.1956-rc.read.1.tlog
c:\users\william harris\source\repos\class_roster_project_wmh\class_roster_project_wmh\x64\debug\class_ro.9e76d590.tlog\link.1956-rc.write.1.tlog
c:\users\william harris\source\repos\class_roster_project_wmh\class_roster_project_wmh\x64\debug\class_ro.9e76d590.tlog\link.1956.read.1.tlog
c:\users\william harris\source\repos\class_roster_project_wmh\class_roster_project_wmh\x64\debug\class_ro.9e76d590.tlog\link.1956.write.1.tlog
c:\users\william harris\source\repos\class_roster_project_wmh\class_roster_project_wmh\x64\debug\class_ro.9e76d590.tlog\link.command.1.tlog
c:\users\william harris\source\repos\class_roster_project_wmh\class_roster_project_wmh\x64\debug\class_ro.9e76d590.tlog\link.read.1.tlog
c:\users\william harris\source\repos\class_roster_project_wmh\class_roster_project_wmh\x64\debug\class_ro.9e76d590.tlog\link.write.1.tlog
